21:32:20 **** Build of configuration Debug for project 1-LED ****
make all 
Building file: ../startup/startup_stm32f401xx.s
Invoking: MCU GCC Assembler
%cd%
arm-none-eabi-as -mcpu=cortex-m4 -mthumb -I"C:/Users/Filippo/workspace/stm32f401c-disco_stdperiph_lib" -I"C:/Users/Filippo/workspace/1-LED/inc" -I"C:/Users/Filippo/workspace/stm32f401c-disco_stdperiph_lib/CMSIS/core" -I"C:/Users/Filippo/workspace/stm32f401c-disco_stdperiph_lib/CMSIS/device" -I"C:/Users/Filippo/workspace/stm32f401c-disco_stdperiph_lib/StdPeriph_Driver/inc" -I"C:/Users/Filippo/workspace/stm32f401c-disco_stdperiph_lib/Utilities/STM32F401-Discovery" -g -o "startup/startup_stm32f401xx.o" "../startup/startup_stm32f401xx.s"
Finished building: ../startup/startup_stm32f401xx.s
 
Building file: ../src/main.c
Invoking: MCU GCC Compiler
%cd%
arm-none-eabi-gcc -mcpu=cortex-m4 -mthumb -DSTM32F401VCTx -DSTM32F4 -DSTM32F401C_DISCO -DSTM32 -DUSE_STDPERIPH_DRIVER -DSTM32F401xx -I"C:/Users/Filippo/workspace/stm32f401c-disco_stdperiph_lib" -I"C:/Users/Filippo/workspace/1-LED/inc" -I"C:/Users/Filippo/workspace/stm32f401c-disco_stdperiph_lib/CMSIS/core" -I"C:/Users/Filippo/workspace/stm32f401c-disco_stdperiph_lib/CMSIS/device" -I"C:/Users/Filippo/workspace/stm32f401c-disco_stdperiph_lib/StdPeriph_Driver/inc" -I"C:/Users/Filippo/workspace/stm32f401c-disco_stdperiph_lib/Utilities/STM32F401-Discovery" -g3 -Wall -fmessage-length=0 -ffunction-sections -c -MMD -MP -MF"src/main.d" -MT"src/main.d" -o "src/main.o" "../src/main.c"
Finished building: ../src/main.c
 
Building file: ../src/syscalls.c
Invoking: MCU GCC Compiler
%cd%
arm-none-eabi-gcc -mcpu=cortex-m4 -mthumb -DSTM32F401VCTx -DSTM32F4 -DSTM32F401C_DISCO -DSTM32 -DUSE_STDPERIPH_DRIVER -DSTM32F401xx -I"C:/Users/Filippo/workspace/stm32f401c-disco_stdperiph_lib" -I"C:/Users/Filippo/workspace/1-LED/inc" -I"C:/Users/Filippo/workspace/stm32f401c-disco_stdperiph_lib/CMSIS/core" -I"C:/Users/Filippo/workspace/stm32f401c-disco_stdperiph_lib/CMSIS/device" -I"C:/Users/Filippo/workspace/stm32f401c-disco_stdperiph_lib/StdPeriph_Driver/inc" -I"C:/Users/Filippo/workspace/stm32f401c-disco_stdperiph_lib/Utilities/STM32F401-Discovery" -g3 -Wall -fmessage-length=0 -ffunction-sections -c -MMD -MP -MF"src/syscalls.d" -MT"src/syscalls.d" -o "src/syscalls.o" "../src/syscalls.c"
Finished building: ../src/syscalls.c
 
Building file: ../src/system_stm32f4xx.c
Invoking: MCU GCC Compiler
%cd%
arm-none-eabi-gcc -mcpu=cortex-m4 -mthumb -DSTM32F401VCTx -DSTM32F4 -DSTM32F401C_DISCO -DSTM32 -DUSE_STDPERIPH_DRIVER -DSTM32F401xx -I"C:/Users/Filippo/workspace/stm32f401c-disco_stdperiph_lib" -I"C:/Users/Filippo/workspace/1-LED/inc" -I"C:/Users/Filippo/workspace/stm32f401c-disco_stdperiph_lib/CMSIS/core" -I"C:/Users/Filippo/workspace/stm32f401c-disco_stdperiph_lib/CMSIS/device" -I"C:/Users/Filippo/workspace/stm32f401c-disco_stdperiph_lib/StdPeriph_Driver/inc" -I"C:/Users/Filippo/workspace/stm32f401c-disco_stdperiph_lib/Utilities/STM32F401-Discovery" -g3 -Wall -fmessage-length=0 -ffunction-sections -c -MMD -MP -MF"src/system_stm32f4xx.d" -MT"src/system_stm32f4xx.d" -o "src/system_stm32f4xx.o" "../src/system_stm32f4xx.c"
Finished building: ../src/system_stm32f4xx.c
 
Building target: 1-LED.elf
Invoking: MCU GCC Linker
arm-none-eabi-gcc -mcpu=cortex-m4 -mthumb -L"C:\Users\Filippo\workspace\stm32f401c-disco_stdperiph_lib\Debug" -T"C:\Users\Filippo\workspace\1-LED\LinkerScript.ld" -Wl,-Map=output.map -Wl,--gc-sections -o "1-LED.elf"  ./startup/startup_stm32f401xx.o  ./src/main.o ./src/syscalls.o ./src/system_stm32f4xx.o   -lstm32f401c-disco_stdperiph_lib
Finished building target: 1-LED.elf
 
make --no-print-directory post-build
Generating binary:
arm-none-eabi-objcopy -O binary "1-LED.elf" "1-LED.bin"
 

21:32:36 Build Finished (took 16s.578ms)

